1








                            FINITE ELEMENT PROGRAM
                  FOR STATIC AND DYNAMIC NONLINEAR ANALYSIS














                    PPPPPPPPP         AAAA        KK      KK
                    PPPPPPPPPP       AAAAAA       KK     KK
                    PP      PP      AA    AA      KK    KK
                    PP      PP     AA      AA     KK   KK
                    PPPPPPPPPP     AA      AA     KK  KK
                    PPPPPPPPP      AA      AA     KKKKK
                    PP             AAAAAAAAAA     KKKKKKK
                    PP             AAAAAAAAAA     KK    KK
                    PP             AA      AA     KK     KK
                    PP             AA      AA     KK      KK






     ---------------------------  VERSION  8.00  ---------------------------











                    "SVETOZAR MARKOVIC" UNIVERSITY
                    FAKULTY OF MECHANICAL ENGINEERING
                    SOFTWARE LABORATORY
                    34000 KRAGUJEVAC
                    YUGOSLAVIA










1
 A   C A R D   I M A G E   L I S T I N G   O F   T H E   I N P U T   D A T A
                            C O L U M N   N U M B E R
 CARD          1         2         3         4         5         6         7
 NUMB 1234567890123456789012345678901234567890123456789012345678901234567890
 ---- ----------------------------------------------------------------------
    1 C /1/ HEADING CARD (8A01)                                             
    2 C NASLOV                                                              
    3 SD_1B: EIGENVALUE ANALYSIS OF CATILEVER BEAM (SHELL ELEMENTS)         
    4 C /2/ FORMAT FOR INPUT DATA (free format)                             
    5 C INDFOR                                                              
    6     2                                                                 
    7 C /3/ BASIC DATA FOR THE PROBLEM (5I5)                                
    8 C NP,NGELEM,NMATM,NPER,JPS                                            
    9   105    1    1    1    1                                             
   10 C /4/ BASIC DATA FOR THE PROBLEM (6I2,3X,3I5)                         
   11 C (IOPGL(I),I=1,6),NDIN,ISOPS,ICVEL                                   
   12  0 0 0 0 0 1       1    1    1                                        
   13 C /5/ DATA FOR POST-PROCESSING (4I5)                                  
   14 C NULAZ,NBLPR,NBLGR,ISTKO                                             
   15     0    1    1    0                                                  
   16 C /6/ CARD WITH DATA FOR BLOCKS (5I5)                                 
   17 C NBL,(NPRGR(NBL,I),I=1,4)                                            
   18     1    1    1  100    0                                             
   19     1    1    1  100    0                                             
   20 C /7/ DATA FOR RESTART (I5,10X,2I5,2F10.0)                            
   21 C IREST,       NMODS,ICCGG,    TOLG,    ALFAG                         
   22     0              0    0        0.        0.                         
   23 C /8/ DATA FOR TIME STEPS (2I5,F10.0)                                 
   24 C   I,NKDT(I),DTDT(I)    (I=1,NPER)                                   
   25     1    1  1.000000                                                  
   26 C /8-1/ DATA FOR DYNAMIC ANALISYS (2I5)                               
   27 C IMASS,IDAMP                                                         
   28     1    0                                                            
   29 C /8-3/ EIGEN PROBLEM DATA (2I5)                                      
   30 C ISOPS, NSOPS                                                        
   31     1   10                                                            
   32 C /9/ DATA FOR EQULIBRIUM ITERATIONS (5I5,3F10.0,10X,I5)              
   33 C METOD,MAXIT,KONVE,KONVS,KONVM,TOLE,    TOLS,     TOLM,     TOLA,NBRC
   34     1   30    1    0    0  0.000001        0.        0.        0.    2
   35 C /10/ INPUT NODAL DATA (I5,A1,6I2,2X,3F10.0,2I5)   (K=1,NP)          
   36 C  N,CH,(ID(N,I),I=1,6),   (CORD(N,J),J=1,3),      KORC,INDS          
   37     1  1 0 1 1 1 1   0.0000E+0 0.0000E+0 0.0000E+0                    
   38     2  1 0 1 1 1 1   0.0000E+0 2.5000E-2 0.0000E+0                    
   39     3  1 1 1 1 1 1   0.0000E+0 5.0000E-2 0.0000E+0                    
   40     4  1 0 1 1 1 1   0.0000E+0 7.5000E-2 0.0000E+0                    
   41     5  1 0 1 1 1 1   0.0000E+0 1.0000E-1 0.0000E+0                    
   42     6  0 0 0 0 0 0   5.0000E-2 0.0000E+0 0.0000E+0                    
   43     7  0 0 0 0 0 0   5.0000E-2 2.5000E-2 0.0000E+0                    
   44     8  0 0 0 0 0 0   5.0000E-2 5.0000E-2 0.0000E+0                    
   45     9  0 0 0 0 0 0   5.0000E-2 7.5000E-2 0.0000E+0                    
   46    10  0 0 0 0 0 0   5.0000E-2 1.0000E-1 0.0000E+0                    
   47    11  0 0 0 0 0 0   1.0000E-1 0.0000E+0 0.0000E+0                    
   48    12  0 0 0 0 0 0   1.0000E-1 2.5000E-2 0.0000E+0                    
   49    13  0 0 0 0 0 0   1.0000E-1 5.0000E-2 0.0000E+0                    
   50    14  0 0 0 0 0 0   1.0000E-1 7.5000E-2 0.0000E+0                    
 ---- ----------------------------------------------------------------------
 CARD          1         2         3         4         5         6         7
 NUMB 1234567890123456789012345678901234567890123456789012345678901234567890
                            C O L U M N   N U M B E R



1
 A   C A R D   I M A G E   L I S T I N G   O F   T H E   I N P U T   D A T A
                            C O L U M N   N U M B E R
 CARD          1         2         3         4         5         6         7
 NUMB 1234567890123456789012345678901234567890123456789012345678901234567890
 ---- ----------------------------------------------------------------------
   51    15  0 0 0 0 0 0   1.0000E-1 1.0000E-1 0.0000E+0                    
   52    16  0 0 0 0 0 0   1.5000E-1 0.0000E+0 0.0000E+0                    
   53    17  0 0 0 0 0 0   1.5000E-1 2.5000E-2 0.0000E+0                    
   54    18  0 0 0 0 0 0   1.5000E-1 5.0000E-2 0.0000E+0                    
   55    19  0 0 0 0 0 0   1.5000E-1 7.5000E-2 0.0000E+0                    
   56    20  0 0 0 0 0 0   1.5000E-1 1.0000E-1 0.0000E+0                    
   57    21  0 0 0 0 0 0   2.0000E-1 0.0000E+0 0.0000E+0                    
   58    22  0 0 0 0 0 0   2.0000E-1 2.5000E-2 0.0000E+0                    
   59    23  0 0 0 0 0 0   2.0000E-1 5.0000E-2 0.0000E+0                    
   60    24  0 0 0 0 0 0   2.0000E-1 7.5000E-2 0.0000E+0                    
   61    25  0 0 0 0 0 0   2.0000E-1 1.0000E-1 0.0000E+0                    
   62    26  0 0 0 0 0 0   2.5000E-1 0.0000E+0 0.0000E+0                    
   63    27  0 0 0 0 0 0   2.5000E-1 2.5000E-2 0.0000E+0                    
   64    28  0 0 0 0 0 0   2.5000E-1 5.0000E-2 0.0000E+0                    
   65    29  0 0 0 0 0 0   2.5000E-1 7.5000E-2 0.0000E+0                    
   66    30  0 0 0 0 0 0   2.5000E-1 1.0000E-1 0.0000E+0                    
   67    31  0 0 0 0 0 0   3.0000E-1 0.0000E+0 0.0000E+0                    
   68    32  0 0 0 0 0 0   3.0000E-1 2.5000E-2 0.0000E+0                    
   69    33  0 0 0 0 0 0   3.0000E-1 5.0000E-2 0.0000E+0                    
   70    34  0 0 0 0 0 0   3.0000E-1 7.5000E-2 0.0000E+0                    
   71    35  0 0 0 0 0 0   3.0000E-1 1.0000E-1 0.0000E+0                    
   72    36  0 0 0 0 0 0   3.5000E-1 0.0000E+0 0.0000E+0                    
   73    37  0 0 0 0 0 0   3.5000E-1 2.5000E-2 0.0000E+0                    
   74    38  0 0 0 0 0 0   3.5000E-1 5.0000E-2 0.0000E+0                    
   75    39  0 0 0 0 0 0   3.5000E-1 7.5000E-2 0.0000E+0                    
   76    40  0 0 0 0 0 0   3.5000E-1 1.0000E-1 0.0000E+0                    
   77    41  0 0 0 0 0 0   4.0000E-1 0.0000E+0 0.0000E+0                    
   78    42  0 0 0 0 0 0   4.0000E-1 2.5000E-2 0.0000E+0                    
   79    43  0 0 0 0 0 0   4.0000E-1 5.0000E-2 0.0000E+0                    
   80    44  0 0 0 0 0 0   4.0000E-1 7.5000E-2 0.0000E+0                    
   81    45  0 0 0 0 0 0   4.0000E-1 1.0000E-1 0.0000E+0                    
   82    46  0 0 0 0 0 0   4.5000E-1 0.0000E+0 0.0000E+0                    
   83    47  0 0 0 0 0 0   4.5000E-1 2.5000E-2 0.0000E+0                    
   84    48  0 0 0 0 0 0   4.5000E-1 5.0000E-2 0.0000E+0                    
   85    49  0 0 0 0 0 0   4.5000E-1 7.5000E-2 0.0000E+0                    
   86    50  0 0 0 0 0 0   4.5000E-1 1.0000E-1 0.0000E+0                    
   87    51  0 0 0 0 0 0   5.0000E-1 0.0000E+0 0.0000E+0                    
   88    52  0 0 0 0 0 0   5.0000E-1 2.5000E-2 0.0000E+0                    
   89    53  0 0 0 0 0 0   5.0000E-1 5.0000E-2 0.0000E+0                    
   90    54  0 0 0 0 0 0   5.0000E-1 7.5000E-2 0.0000E+0                    
   91    55  0 0 0 0 0 0   5.0000E-1 1.0000E-1 0.0000E+0                    
   92    56  0 0 0 0 0 0   5.5000E-1 0.0000E+0 0.0000E+0                    
   93    57  0 0 0 0 0 0   5.5000E-1 2.5000E-2 0.0000E+0                    
   94    58  0 0 0 0 0 0   5.5000E-1 5.0000E-2 0.0000E+0                    
   95    59  0 0 0 0 0 0   5.5000E-1 7.5000E-2 0.0000E+0                    
   96    60  0 0 0 0 0 0   5.5000E-1 1.0000E-1 0.0000E+0                    
   97    61  0 0 0 0 0 0   6.0000E-1 0.0000E+0 0.0000E+0                    
   98    62  0 0 0 0 0 0   6.0000E-1 2.5000E-2 0.0000E+0                    
   99    63  0 0 0 0 0 0   6.0000E-1 5.0000E-2 0.0000E+0                    
  100    64  0 0 0 0 0 0   6.0000E-1 7.5000E-2 0.0000E+0                    
 ---- ----------------------------------------------------------------------
 CARD          1         2         3         4         5         6         7
 NUMB 1234567890123456789012345678901234567890123456789012345678901234567890
                            C O L U M N   N U M B E R



1
 A   C A R D   I M A G E   L I S T I N G   O F   T H E   I N P U T   D A T A
                            C O L U M N   N U M B E R
 CARD          1         2         3         4         5         6         7
 NUMB 1234567890123456789012345678901234567890123456789012345678901234567890
 ---- ----------------------------------------------------------------------
  101    65  0 0 0 0 0 0   6.0000E-1 1.0000E-1 0.0000E+0                    
  102    66  0 0 0 0 0 0   6.5000E-1 0.0000E+0 0.0000E+0                    
  103    67  0 0 0 0 0 0   6.5000E-1 2.5000E-2 0.0000E+0                    
  104    68  0 0 0 0 0 0   6.5000E-1 5.0000E-2 0.0000E+0                    
  105    69  0 0 0 0 0 0   6.5000E-1 7.5000E-2 0.0000E+0                    
  106    70  0 0 0 0 0 0   6.5000E-1 1.0000E-1 0.0000E+0                    
  107    71  0 0 0 0 0 0   7.0000E-1 0.0000E+0 0.0000E+0                    
  108    72  0 0 0 0 0 0   7.0000E-1 2.5000E-2 0.0000E+0                    
  109    73  0 0 0 0 0 0   7.0000E-1 5.0000E-2 0.0000E+0                    
  110    74  0 0 0 0 0 0   7.0000E-1 7.5000E-2 0.0000E+0                    
  111    75  0 0 0 0 0 0   7.0000E-1 1.0000E-1 0.0000E+0                    
  112    76  0 0 0 0 0 0   7.5000E-1 0.0000E+0 0.0000E+0                    
  113    77  0 0 0 0 0 0   7.5000E-1 2.5000E-2 0.0000E+0                    
  114    78  0 0 0 0 0 0   7.5000E-1 5.0000E-2 0.0000E+0                    
  115    79  0 0 0 0 0 0   7.5000E-1 7.5000E-2 0.0000E+0                    
  116    80  0 0 0 0 0 0   7.5000E-1 1.0000E-1 0.0000E+0                    
  117    81  0 0 0 0 0 0   8.0000E-1 0.0000E+0 0.0000E+0                    
  118    82  0 0 0 0 0 0   8.0000E-1 2.5000E-2 0.0000E+0                    
  119    83  0 0 0 0 0 0   8.0000E-1 5.0000E-2 0.0000E+0                    
  120    84  0 0 0 0 0 0   8.0000E-1 7.5000E-2 0.0000E+0                    
  121    85  0 0 0 0 0 0   8.0000E-1 1.0000E-1 0.0000E+0                    
  122    86  0 0 0 0 0 0   8.5000E-1 0.0000E+0 0.0000E+0                    
  123    87  0 0 0 0 0 0   8.5000E-1 2.5000E-2 0.0000E+0                    
  124    88  0 0 0 0 0 0   8.5000E-1 5.0000E-2 0.0000E+0                    
  125    89  0 0 0 0 0 0   8.5000E-1 7.5000E-2 0.0000E+0                    
  126    90  0 0 0 0 0 0   8.5000E-1 1.0000E-1 0.0000E+0                    
  127    91  0 0 0 0 0 0   9.0000E-1 0.0000E+0 0.0000E+0                    
  128    92  0 0 0 0 0 0   9.0000E-1 2.5000E-2 0.0000E+0                    
  129    93  0 0 0 0 0 0   9.0000E-1 5.0000E-2 0.0000E+0                    
  130    94  0 0 0 0 0 0   9.0000E-1 7.5000E-2 0.0000E+0                    
  131    95  0 0 0 0 0 0   9.0000E-1 1.0000E-1 0.0000E+0                    
  132    96  0 0 0 0 0 0   9.5000E-1 0.0000E+0 0.0000E+0                    
  133    97  0 0 0 0 0 0   9.5000E-1 2.5000E-2 0.0000E+0                    
  134    98  0 0 0 0 0 0   9.5000E-1 5.0000E-2 0.0000E+0                    
  135    99  0 0 0 0 0 0   9.5000E-1 7.5000E-2 0.0000E+0                    
  136   100  0 0 0 0 0 0   9.5000E-1 1.0000E-1 0.0000E+0                    
  137   101  0 0 0 0 0 0   1.0000E+0 0.0000E+0 0.0000E+0                    
  138   102  0 0 0 0 0 0   1.0000E+0 2.5000E-2 0.0000E+0                    
  139   103  0 0 0 0 0 0   1.0000E+0 5.0000E-2 0.0000E+0                    
  140   104  0 0 0 0 0 0   1.0000E+0 7.5000E-2 0.0000E+0                    
  141   105  0 0 0 0 0 0   1.0000E+0 1.0000E-1 0.0000E+0                    
  142 C /11/ DATA FOR MATERIAL MODELS (3I5)                                 
  143 C (MODEL(I,K),I=1,3)    (K=1,NMATM)                                   
  144     1    1    1                                                       
  145 C /12/ DATA FOR MATERIAL (2I5,F10.0)                                  
  146 C MOD  MAT     GUST                                                   
  147     1    1 7.80E+003                                                  
  148 C /12-1/ MATERIAL MODEL 1 (ELASTIC)                                   
  149 C YOUNGS MODULUS, POISSONS RATIO (2F10.0)                             
  150 C        E                                                            
 ---- ----------------------------------------------------------------------
 CARD          1         2         3         4         5         6         7
 NUMB 1234567890123456789012345678901234567890123456789012345678901234567890
                            C O L U M N   N U M B E R



1
 A   C A R D   I M A G E   L I S T I N G   O F   T H E   I N P U T   D A T A
                            C O L U M N   N U M B E R
 CARD          1         2         3         4         5         6         7
 NUMB 1234567890123456789012345678901234567890123456789012345678901234567890
 ---- ----------------------------------------------------------------------
  151  2.00E+011                                                            
  152 C        V                                                            
  153  3.00E-001                                                            
  154 C /13/ INPUT DATA FOR ELEMENT GROUP (8I5,3F10.0)    (I=1,NGELEM)      
  155 C NETIP,NE,IATYP,NMODM,INDBTH,INDDTH,INDKOV,ICOEF,COEF1,COEF2,   COEF3
  156    84   80    0    1                                                  
  157 C /13-8/ DATA FOR ISOPARAMETRIC SHELL                                 
  158 C a) First card wiht basic data for the element group (4I5,F10.0,I5,3F
  159 C NAGAUSX,NGAUSY,NGAUSZ,MSET,BETA,MSLOJ,(CPP(I),I=1,3),          IALFA
  160     0    0    0                                                      0
  161 C b) Card wiht data for the current element (5I5,F10.0,I5,2F10.0)     
  162 C NN,NMAT,IPRCO,ISNA,IPGS,THI,KORC,BTH,DTH                            
  163 C c) Card with nodal point data for the cuurent element (9I5)         
  164 C (NEL(NN,I),I=1,K)                                                   
  165     1    1    0    0    05.000e-002    0    0.0000    0.0000          
  166     1    6    7    2                                                  
  167     2    1    0    0    05.000e-002    0    0.0000    0.0000          
  168     2    7    8    3                                                  
  169     3    1    0    0    05.000e-002    0    0.0000    0.0000          
  170     3    8    9    4                                                  
  171     4    1    0    0    05.000e-002    0    0.0000    0.0000          
  172     4    9   10    5                                                  
  173     5    1    0    0    05.000e-002    0    0.0000    0.0000          
  174     6   11   12    7                                                  
  175     6    1    0    0    05.000e-002    0    0.0000    0.0000          
  176     7   12   13    8                                                  
  177     7    1    0    0    05.000e-002    0    0.0000    0.0000          
  178     8   13   14    9                                                  
  179     8    1    0    0    05.000e-002    0    0.0000    0.0000          
  180     9   14   15   10                                                  
  181     9    1    0    0    05.000e-002    0    0.0000    0.0000          
  182    11   16   17   12                                                  
  183    10    1    0    0    05.000e-002    0    0.0000    0.0000          
  184    12   17   18   13                                                  
  185    11    1    0    0    05.000e-002    0    0.0000    0.0000          
  186    13   18   19   14                                                  
  187    12    1    0    0    05.000e-002    0    0.0000    0.0000          
  188    14   19   20   15                                                  
  189    13    1    0    0    05.000e-002    0    0.0000    0.0000          
  190    16   21   22   17                                                  
  191    14    1    0    0    05.000e-002    0    0.0000    0.0000          
  192    17   22   23   18                                                  
  193    15    1    0    0    05.000e-002    0    0.0000    0.0000          
  194    18   23   24   19                                                  
  195    16    1    0    0    05.000e-002    0    0.0000    0.0000          
  196    19   24   25   20                                                  
  197    17    1    0    0    05.000e-002    0    0.0000    0.0000          
  198    21   26   27   22                                                  
  199    18    1    0    0    05.000e-002    0    0.0000    0.0000          
  200    22   27   28   23                                                  
 ---- ----------------------------------------------------------------------
 CARD          1         2         3         4         5         6         7
 NUMB 1234567890123456789012345678901234567890123456789012345678901234567890
                            C O L U M N   N U M B E R



1
 A   C A R D   I M A G E   L I S T I N G   O F   T H E   I N P U T   D A T A
                            C O L U M N   N U M B E R
 CARD          1         2         3         4         5         6         7
 NUMB 1234567890123456789012345678901234567890123456789012345678901234567890
 ---- ----------------------------------------------------------------------
  201    19    1    0    0    05.000e-002    0    0.0000    0.0000          
  202    23   28   29   24                                                  
  203    20    1    0    0    05.000e-002    0    0.0000    0.0000          
  204    24   29   30   25                                                  
  205    21    1    0    0    05.000e-002    0    0.0000    0.0000          
  206    26   31   32   27                                                  
  207    22    1    0    0    05.000e-002    0    0.0000    0.0000          
  208    27   32   33   28                                                  
  209    23    1    0    0    05.000e-002    0    0.0000    0.0000          
  210    28   33   34   29                                                  
  211    24    1    0    0    05.000e-002    0    0.0000    0.0000          
  212    29   34   35   30                                                  
  213    25    1    0    0    05.000e-002    0    0.0000    0.0000          
  214    31   36   37   32                                                  
  215    26    1    0    0    05.000e-002    0    0.0000    0.0000          
  216    32   37   38   33                                                  
  217    27    1    0    0    05.000e-002    0    0.0000    0.0000          
  218    33   38   39   34                                                  
  219    28    1    0    0    05.000e-002    0    0.0000    0.0000          
  220    34   39   40   35                                                  
  221    29    1    0    0    05.000e-002    0    0.0000    0.0000          
  222    36   41   42   37                                                  
  223    30    1    0    0    05.000e-002    0    0.0000    0.0000          
  224    37   42   43   38                                                  
  225    31    1    0    0    05.000e-002    0    0.0000    0.0000          
  226    38   43   44   39                                                  
  227    32    1    0    0    05.000e-002    0    0.0000    0.0000          
  228    39   44   45   40                                                  
  229    33    1    0    0    05.000e-002    0    0.0000    0.0000          
  230    41   46   47   42                                                  
  231    34    1    0    0    05.000e-002    0    0.0000    0.0000          
  232    42   47   48   43                                                  
  233    35    1    0    0    05.000e-002    0    0.0000    0.0000          
  234    43   48   49   44                                                  
  235    36    1    0    0    05.000e-002    0    0.0000    0.0000          
  236    44   49   50   45                                                  
  237    37    1    0    0    05.000e-002    0    0.0000    0.0000          
  238    46   51   52   47                                                  
  239    38    1    0    0    05.000e-002    0    0.0000    0.0000          
  240    47   52   53   48                                                  
  241    39    1    0    0    05.000e-002    0    0.0000    0.0000          
  242    48   53   54   49                                                  
  243    40    1    0    0    05.000e-002    0    0.0000    0.0000          
  244    49   54   55   50                                                  
  245    41    1    0    0    05.000e-002    0    0.0000    0.0000          
  246    51   56   57   52                                                  
  247    42    1    0    0    05.000e-002    0    0.0000    0.0000          
  248    52   57   58   53                                                  
  249    43    1    0    0    05.000e-002    0    0.0000    0.0000          
  250    53   58   59   54                                                  
 ---- ----------------------------------------------------------------------
 CARD          1         2         3         4         5         6         7
 NUMB 1234567890123456789012345678901234567890123456789012345678901234567890
                            C O L U M N   N U M B E R



1
 A   C A R D   I M A G E   L I S T I N G   O F   T H E   I N P U T   D A T A
                            C O L U M N   N U M B E R
 CARD          1         2         3         4         5         6         7
 NUMB 1234567890123456789012345678901234567890123456789012345678901234567890
 ---- ----------------------------------------------------------------------
  251    44    1    0    0    05.000e-002    0    0.0000    0.0000          
  252    54   59   60   55                                                  
  253    45    1    0    0    05.000e-002    0    0.0000    0.0000          
  254    56   61   62   57                                                  
  255    46    1    0    0    05.000e-002    0    0.0000    0.0000          
  256    57   62   63   58                                                  
  257    47    1    0    0    05.000e-002    0    0.0000    0.0000          
  258    58   63   64   59                                                  
  259    48    1    0    0    05.000e-002    0    0.0000    0.0000          
  260    59   64   65   60                                                  
  261    49    1    0    0    05.000e-002    0    0.0000    0.0000          
  262    61   66   67   62                                                  
  263    50    1    0    0    05.000e-002    0    0.0000    0.0000          
  264    62   67   68   63                                                  
  265    51    1    0    0    05.000e-002    0    0.0000    0.0000          
  266    63   68   69   64                                                  
  267    52    1    0    0    05.000e-002    0    0.0000    0.0000          
  268    64   69   70   65                                                  
  269    53    1    0    0    05.000e-002    0    0.0000    0.0000          
  270    66   71   72   67                                                  
  271    54    1    0    0    05.000e-002    0    0.0000    0.0000          
  272    67   72   73   68                                                  
  273    55    1    0    0    05.000e-002    0    0.0000    0.0000          
  274    68   73   74   69                                                  
  275    56    1    0    0    05.000e-002    0    0.0000    0.0000          
  276    69   74   75   70                                                  
  277    57    1    0    0    05.000e-002    0    0.0000    0.0000          
  278    71   76   77   72                                                  
  279    58    1    0    0    05.000e-002    0    0.0000    0.0000          
  280    72   77   78   73                                                  
  281    59    1    0    0    05.000e-002    0    0.0000    0.0000          
  282    73   78   79   74                                                  
  283    60    1    0    0    05.000e-002    0    0.0000    0.0000          
  284    74   79   80   75                                                  
  285    61    1    0    0    05.000e-002    0    0.0000    0.0000          
  286    76   81   82   77                                                  
  287    62    1    0    0    05.000e-002    0    0.0000    0.0000          
  288    77   82   83   78                                                  
  289    63    1    0    0    05.000e-002    0    0.0000    0.0000          
  290    78   83   84   79                                                  
  291    64    1    0    0    05.000e-002    0    0.0000    0.0000          
  292    79   84   85   80                                                  
  293    65    1    0    0    05.000e-002    0    0.0000    0.0000          
  294    81   86   87   82                                                  
  295    66    1    0    0    05.000e-002    0    0.0000    0.0000          
  296    82   87   88   83                                                  
  297    67    1    0    0    05.000e-002    0    0.0000    0.0000          
  298    83   88   89   84                                                  
  299    68    1    0    0    05.000e-002    0    0.0000    0.0000          
  300    84   89   90   85                                                  
 ---- ----------------------------------------------------------------------
 CARD          1         2         3         4         5         6         7
 NUMB 1234567890123456789012345678901234567890123456789012345678901234567890
                            C O L U M N   N U M B E R



1
 A   C A R D   I M A G E   L I S T I N G   O F   T H E   I N P U T   D A T A
                            C O L U M N   N U M B E R
 CARD          1         2         3         4         5         6         7
 NUMB 1234567890123456789012345678901234567890123456789012345678901234567890
 ---- ----------------------------------------------------------------------
  301    69    1    0    0    05.000e-002    0    0.0000    0.0000          
  302    86   91   92   87                                                  
  303    70    1    0    0    05.000e-002    0    0.0000    0.0000          
  304    87   92   93   88                                                  
  305    71    1    0    0    05.000e-002    0    0.0000    0.0000          
  306    88   93   94   89                                                  
  307    72    1    0    0    05.000e-002    0    0.0000    0.0000          
  308    89   94   95   90                                                  
  309    73    1    0    0    05.000e-002    0    0.0000    0.0000          
  310    91   96   97   92                                                  
  311    74    1    0    0    05.000e-002    0    0.0000    0.0000          
  312    92   97   98   93                                                  
  313    75    1    0    0    05.000e-002    0    0.0000    0.0000          
  314    93   98   99   94                                                  
  315    76    1    0    0    05.000e-002    0    0.0000    0.0000          
  316    94   99  100   95                                                  
  317    77    1    0    0    05.000e-002    0    0.0000    0.0000          
  318    96  101  102   97                                                  
  319    78    1    0    0    05.000e-002    0    0.0000    0.0000          
  320    97  102  103   98                                                  
  321    79    1    0    0    05.000e-002    0    0.0000    0.0000          
  322    98  103  104   99                                                  
  323    80    1    0    0    05.000e-002    0    0.0000    0.0000          
  324    99  104  105  100                                                  
  325 C /14/ DATA FOR TIME FUNCTIONS (2I5)                                  
  326 C NTABFT,MAXTFT                                                       
  327     1   30                                                            
  328 C /14-1/ TIME FUNCTIONS   (IBR=1,NTABFT)                              
  329 C a) data about function in a table form (2I5)                        
  330 C IBR,IMAX    (IMAX.LE.MAXTFT)                                        
  331     1    2                                                            
  332 C b) values for argument - function (2F10.0)                          
  333 C ((FN(I,IBR,J),I=1,2),J=1,IMAX)                                      
  334  0.00E+000 1.00E+000                                                  
  335  1.00E+003 1.00E+000                                                  
  336 C /15/ GENERAL DATA ABOUT LOADS (3I5,10X,5I5)                         
  337 C NCF,NPP2,NPP3,          NPLJ,NTEMP,NZADP,INDZS,ICERNE               
  338     0    0    0              0    0    0    0    0                    
  339 C /16/ TERMINATED CARD (A4)       'STOP'                              
  340 STOP                                                                  
 ---- ----------------------------------------------------------------------
 CARD          1         2         3         4         5         6         7
 NUMB 1234567890123456789012345678901234567890123456789012345678901234567890
                            C O L U M N   N U M B E R


 ******************* E N D   O F   I N P U T   L I S T I N G ***************



1
 CARD NUMBER    3



 ****************************************************************************

 SD_1B: EIGENVALUE ANALYSIS OF CATILEVER BEAM (SHELL ELEMENTS)               

 ****************************************************************************






 CARD NUMBER    6



           FORMAT FOR INPUT DATA ......................... INDFOR =    2
                EQ.0; INDFOR = 1
                EQ.1; FREE FORMAT
                EQ.2; FIXED FORMAT


           FORMAT FOR NODE AND ELEMENT READING ............ IND56 =    0
                EQ.0; I5
                EQ.1; I10


           READ TEMPERATURE BY SEGMENTS ................ IDJERDAP =    0
                EQ.0; NO
                EQ.1; YES


           INDICATOR OF EXPERIMENT......................... IOPIT =    0
                EQ.0; NO
                EQ.1; BS
                EQ.2; SS
                EQ.3; VJ
                EQ.4; HJ






 CARD NUMBER    9



      B A S I C   D A T A   F O R   T H E   P R O B L E M
      ---------------------------------------------------


           TOTAL NUMBER OF NODAL POINTS ................. NP =       105
                LE.0; PROGRAM STOP


           TOTAL NUMBER OF DIFFERENT ELEMENT GROUPS ...... NGELEM =    1
                EQ.0; DEFAULT SET "1"


           TOTAL NUMBER OF DIFFERENT MATERIAL MODELS ...... NMATM =    1
                EQ.0; DEFAULT SET "1"


           NUMBER OF PERIODS WITH CONSTANT TIME STEPS ...... NPER =    1
                EQ.0; DEFAULT SET TO "1"


           TOTAL NUMBER SUBSTRUCTURES ......................  JPS =    1
                EQ.0; JPS = 1


           TOTAL NUMBER OF RIGID BODIES .................... NKRT =    0
                EQ.0; NO RIGID BODIES


           STRONG COUPLED PROBLEMS ........................ MIXED =    0
                EQ.0; NO
                EQ.1; DISPLACEMENT-STRESS MIXED METHOD
                EQ.2; DISPLACEMENT-PORE PRESSURE u-p
                EQ.3; DISPLACEMENT-PORE PRESSURE-RELATIVE DISPLACEMENT u-p-U


           NUMBER OF CRACKS FOR J INTEGRAL ............... NCRACK =    0
                EQ.0; NO CRACKS


           NUMBER OF CRACKS FOR XFEM METHOD .............. NCXFEM =    0
                EQ.0; NO CRACKS


           NUMBER OF CRACKS FOR MESLESS (GBM) .............. IGBM =    0
                EQ.0; NO CRACKS






 CARD NUMBER   12



           INDICATORS FOR GLOBAL CONSTRAINTS OF TRANSLATIONS AND ROTATIONS
                EQ.0; FREE
                EQ.1; RESTRAINED
                      GLOBAL TRANSLATION IN X DIRECTION  IOPGL(1) =    0
                      GLOBAL TRANSLATION IN Y DIRECTION  IOPGL(2) =    0
                      GLOBAL TRANSLATION IN Z DIRECTION  IOPGL(3) =    0
                      GLOBAL ROTATION AROUND X/V1 AXIS . IOPGL(4) =    0
                      GLOBAL ROTATION AROUND Y/V2 AXIS . IOPGL(5) =    0
                      GLOBAL ROTATION AROUND Z/VN AXIS . IOPGL(6) =    1


           TYPE OF ANALYSIS ................................ NDIN =    1
                EQ.0; STATICS
                EQ.1; DYNAMICS


           INDICATOR FOR EIGENVALUE COMPUTATIONS .......... ISOPS =    1
                EQ.0; NO COMPUTATIONS
                EQ.1; YES


           INDICATOR FOR NUMERATION OF NODES AND ELEMENTS . ICVEL =    1
                EQ.0; INCREASING
                EQ.1; FREE


           INDICATORS FOR GLOBAL CONSTRAINTS OF NODAL STRESSES
                EQ.0; NO CONSTRAINTS
                EQ.1; CONSTRAINT EXISTS
                      NORMAL STRESS IN X DIRECTION ..... IOPGS(1) =    0
                      NORMAL STRESS IN Y DIRECTION ..... IOPGS(2) =    0
                      NORMAL STRESS IN Z DIRECTION ..... IOPGS(3) =    0
                      SHEAR STRESS IN XY PLANE ......... IOPGS(4) =    0
                      SHEAR STRESS IN YZ PLANE ......... IOPGS(5) =    0
                      SHEAR STRESS IN ZX PLANE ......... IOPGS(6) =    0






 CARD NUMBER   15



      D A T A   F O R   P O S T - P R O C E S S I N G
      -----------------------------------------------


           KIND OF PRINTOUT OF THE INPUT DATA ............. NULAZ =    1
                LT.0; NO  PRINTOUT
                EQ.0; NULAZ = 1
                EQ.1; CARD IMAGE, INPUT DATA READ AND GENERATED ARE PRINTED
                EQ.2; CARD IMAGE PRINTED
                EQ.3; INPUT DATA READ AND GENERATED ARE PRINTED


           NUMBER OF BLOCKS FOR RESULTS PRINTOUT .......... NBLPR =    1
                EQ.0; RESULTS ARE PRINTED IN ALL TIME STEPS
                LT.0; NO PRINTOUT OF RESULTS


           NUMBER BLOCKS FOR PLOTTING OF RESULTS .......... NBLGR =    1
                EQ.0; RESULTS ARE PLOTTED IN ALL TIME STEPS
                LT.0; NO PLOTTING OF RESULTS


           INDICATOR FOR PRINTING OUTPUT IN SEPARATE FILE . ISTKO =    0
                EQ.0; ALL STEPS PRINTED IN ONE FILE
                EQ.1; RESULTS PRINTED SEPARATELY



           NUMBER OF NODES FOR RESULTS PRINTOUT ........... NCVPR =    0
                EQ.0; PRINTING AT ALL NODES


           INDICATOR FOR PLOTTING TEMPERATURES ............ ISTEM =    0
                EQ.-1; NO PLOTTING


           INDICATOR FOR PLOTTING NODAL NORMAL VECTORS .... ISTVN =    0
                EQ.-1; NO PLOTTING


           INDICATOR FOR PLOTTING NODAL FORCES  ........... ISTSI =    0
                EQ.-1; NO PLOTTING


           INDICATOR FOR PRINTING STRAINS ................. ISTDE =    0
                EQ.-1; NO PRINTING


           INDICATOR FOR PRINTING RESULTS WITHIN ELEMENT .. ISTNA =    0
                EQ. 0; PRINTING AT INTEGRATION POINTS
                EQ. 1; IN ELEMENT CENTER
                EQ. 2; MAXIMUM VALUES






 CARD NUMBER        18



      DATA FOR BLOCKS USED FOR RESULTS PRINTOUT
      -----------------------------------------


           BLOCK NUMBER FIRST STEP    INCREMENT    LAST STEP       INDICATOR (=0-ALL;=1-DISPLACEMENT;=2-STRESSES)
               1            1             1            100             0






 CARD NUMBER        19



      DATA FOR BLOCKS USED IN PREPARING RESULTS FOR GRAPHICS
      ------------------------------------------------------


           BLOCK NUMBER FIRST STEP    INCREMENT    LAST STEP       INDICATOR (=0-ALL;=1-DISPLACEMENTS;=2-STRESSES)
               1            1             1            100             0






 CARD NUMBER        22



      D A T A    F O R    R E S T A R T 
      ---------------------------------


           INDICATOR FOR JOB EXECUTION  ................... IREST =    0
                EQ.0; JOB EXECUTION
                EQ.1; RESTART OF JOB
                EQ.2; INPUT DATA CHECK


           NUMBER OF EIGEN MODES USED FOR IMPERFECTION .... NMODS =    0
                EQ.0; NO IMPERFECTION
                GT.0; READ EIGEN VECTORS FROM I/O UNIT "ZMODES"


           SOLVER TYPE .................................... ICCGG =    0
                EQ. 0 ; DIRECT SOLUTION - SYMMETRIC
                EQ.-11; MUMPS SYMMETRIC
                EQ.-1 ; ITERATIVE ICCG SOLUTION
                EQ. 1 ; ITERATIVE PCG SOLUTION
                EQ. 2 ; DIRECT SOLUTION - NONSYMMETRIC


           ICCG TOLERANCE ............................. TOLG = 1.000D-03


           ICCG SHIFT VALUE .......................... ALFAG = 0.000D+00


           INDICATOR FOR NUMBER OF PROCESSORS............... IPAR =    1


           A STEP IN WHICH THE RESET DISPLACEMENT WILL BE.. KODUZ =    0







 CARD NUMBER        25



      D A T A   F O R   T I M E   S T E P S
      -------------------------------------


            SOLUTION PERIOD        NUM. OF TIME STEP          TIME STEP
                    1                      1                 1.00000D+00
            ------------------------------------------------------------
            NUMBER OF TIME STEPS   NDT =   1    TOTAL TIME = 1.00000D+00






 CARD NUMBER        28



      D Y N A M I C   A N A L Y S I S
      -------------------------------


           MASS MATRIX CODE ............................... IMASS =    1
                EQ.0; IMASS = 1
                EQ.1; CONSISTENT
                EQ.2; LUMPED (DIAGONAL)


           DAMPING MATRIX CODE ............................ IDAMP =    0
                EQ.0; NO DAMP MATRIX
                EQ.1; COSISTENT
                EQ.2; LUMPED (DIAGONAL)
                EQ.3; RAYLEIGH






 CARD NUMBER        31



      E I G E N P R O B L E M   D A T A
      ---------------------------------


           EIGENPROBLEM INDICATOR ......................... ISTYP =    1
                EQ.0; ISTYP = 1
                EQ.1; SUBSPACE METHOD
                EQ.2; SUBSPACE METHOD (CRITICAL LOADS ARE LARGE)
                EQ.3; LANCHOZ METHOD


           NUMBER OF EIGENVALUES .......................... NSOPV =   10
                EQ.0; NSOPV = 1






 CARD NUMBER        34



      D A T A    F O R    E Q U I L I B R I U M    I T E R A T I O N S
      ----------------------------------------------------------------


           ITERATION METHOD EMPLOYED ...................... METOD =    1
                LT. 0; ITERATION WITH ELASTIC TANGENT MATRIX
                EQ. 0; METOD = 1
                EQ. 1; MODIFIED NEWTON
                EQ. 2; MODIFIED NEWTON + AEITKEN ACCELERATION
                EQ. 3; FULL NEWTON
                EQ. 4; FULL NEWTON + LINE SEARCH
                EQ. 5; BFGS

                       AUTOMATIC LOADING - CONSTANT ARC LENGTH
                EQ.61;                     COMBINED WITH (1)
                EQ.63;                     COMBINED WITH (3)

                       AUTOMATIC LOADING - DISPLACEMENT CONTROL
                EQ.71;                     COMBINED WITH (1)
                EQ.73;                     COMBINED WITH (3)


           MAXIMUM NUMBER OF ITERATIONS IN A STEP ......... MAXIT =   30
                EQ.0; MAXIT = 10


           CONVERGENCE CRITERION  - ENERGY ................ KONVE =    1
                EQ.0; NOT USED
                EQ.1; USED


           CONVERGENCE CRITERION  - FORCE ................. KONVS =    0
                EQ.0; NOT USED
                EQ.1; USED


           CONVERGENCE CRITERION  - MOMENT ................ KONVM =    0
                EQ.0; NOT USED
                EQ.1; USED


           TOLERANCE FOR UNBALANCED ENERGY ............ TOLE = 1.000D-06
                EQ.0; TOLE = 0.01


           TOLERANCE FOR UNBALANCED FORCE ............. TOLS = 1.000D-02


           TOLERANCE FOR UNBALANCED MOMENT ............ TOLM = 1.000D-02


           ABSOLUTE TOLERANCE FOR ENERGY .............. TOLA = 1.000D-10
                EQ.0; TOLA = 1.D-10


           NUMBER DISCRETE EVENTS ......................... NBRCR =    2
                CONCRETE - NUMBER OF CRACKS PER ITERATION IN ELEMENT GROUP
                CONTACT - NUMBER OF CHANGED CONTACT CONDITIONS






 I N P U T   N O D A L   D A T A
 -------------------------------


  NODE COOR    CONSTRAINTS        C  O  O  R  D  I  N  A  T  E  S   STEP SKEW
  NUMB SYST NX NY NZ WX WY WZ        X           Y           Z      GENE SYST
          1       1  0  1  1  1  1      0.000000000    0.000000000    0.000000000    0    0
          2       1  0  1  1  1  1      0.000000000    0.025000000    0.000000000    0    0
          3       1  1  1  1  1  1      0.000000000    0.050000000    0.000000000    0    0
          4       1  0  1  1  1  1      0.000000000    0.075000000    0.000000000    0    0
          5       1  0  1  1  1  1      0.000000000    0.100000000    0.000000000    0    0
          6       0  0  0  0  0  0      0.050000000    0.000000000    0.000000000    0    0
          7       0  0  0  0  0  0      0.050000000    0.025000000    0.000000000    0    0
          8       0  0  0  0  0  0      0.050000000    0.050000000    0.000000000    0    0
          9       0  0  0  0  0  0      0.050000000    0.075000000    0.000000000    0    0
         10       0  0  0  0  0  0      0.050000000    0.100000000    0.000000000    0    0
         11       0  0  0  0  0  0      0.100000000    0.000000000    0.000000000    0    0
         12       0  0  0  0  0  0      0.100000000    0.025000000    0.000000000    0    0
         13       0  0  0  0  0  0      0.100000000    0.050000000    0.000000000    0    0
         14       0  0  0  0  0  0      0.100000000    0.075000000    0.000000000    0    0
         15       0  0  0  0  0  0      0.100000000    0.100000000    0.000000000    0    0
         16       0  0  0  0  0  0      0.150000000    0.000000000    0.000000000    0    0
         17       0  0  0  0  0  0      0.150000000    0.025000000    0.000000000    0    0
         18       0  0  0  0  0  0      0.150000000    0.050000000    0.000000000    0    0
         19       0  0  0  0  0  0      0.150000000    0.075000000    0.000000000    0    0
         20       0  0  0  0  0  0      0.150000000    0.100000000    0.000000000    0    0
         21       0  0  0  0  0  0      0.200000000    0.000000000    0.000000000    0    0
         22       0  0  0  0  0  0      0.200000000    0.025000000    0.000000000    0    0
         23       0  0  0  0  0  0      0.200000000    0.050000000    0.000000000    0    0
         24       0  0  0  0  0  0      0.200000000    0.075000000    0.000000000    0    0
         25       0  0  0  0  0  0      0.200000000    0.100000000    0.000000000    0    0
         26       0  0  0  0  0  0      0.250000000    0.000000000    0.000000000    0    0
         27       0  0  0  0  0  0      0.250000000    0.025000000    0.000000000    0    0
         28       0  0  0  0  0  0      0.250000000    0.050000000    0.000000000    0    0
         29       0  0  0  0  0  0      0.250000000    0.075000000    0.000000000    0    0
         30       0  0  0  0  0  0      0.250000000    0.100000000    0.000000000    0    0
         31       0  0  0  0  0  0      0.300000000    0.000000000    0.000000000    0    0
         32       0  0  0  0  0  0      0.300000000    0.025000000    0.000000000    0    0
         33       0  0  0  0  0  0      0.300000000    0.050000000    0.000000000    0    0
         34       0  0  0  0  0  0      0.300000000    0.075000000    0.000000000    0    0
         35       0  0  0  0  0  0      0.300000000    0.100000000    0.000000000    0    0
         36       0  0  0  0  0  0      0.350000000    0.000000000    0.000000000    0    0
         37       0  0  0  0  0  0      0.350000000    0.025000000    0.000000000    0    0
         38       0  0  0  0  0  0      0.350000000    0.050000000    0.000000000    0    0
         39       0  0  0  0  0  0      0.350000000    0.075000000    0.000000000    0    0
         40       0  0  0  0  0  0      0.350000000    0.100000000    0.000000000    0    0
         41       0  0  0  0  0  0      0.400000000    0.000000000    0.000000000    0    0
         42       0  0  0  0  0  0      0.400000000    0.025000000    0.000000000    0    0
         43       0  0  0  0  0  0      0.400000000    0.050000000    0.000000000    0    0
         44       0  0  0  0  0  0      0.400000000    0.075000000    0.000000000    0    0
         45       0  0  0  0  0  0      0.400000000    0.100000000    0.000000000    0    0
         46       0  0  0  0  0  0      0.450000000    0.000000000    0.000000000    0    0
         47       0  0  0  0  0  0      0.450000000    0.025000000    0.000000000    0    0
         48       0  0  0  0  0  0      0.450000000    0.050000000    0.000000000    0    0
         49       0  0  0  0  0  0      0.450000000    0.075000000    0.000000000    0    0
         50       0  0  0  0  0  0      0.450000000    0.100000000    0.000000000    0    0
         51       0  0  0  0  0  0      0.500000000    0.000000000    0.000000000    0    0
         52       0  0  0  0  0  0      0.500000000    0.025000000    0.000000000    0    0
         53       0  0  0  0  0  0      0.500000000    0.050000000    0.000000000    0    0
         54       0  0  0  0  0  0      0.500000000    0.075000000    0.000000000    0    0
         55       0  0  0  0  0  0      0.500000000    0.100000000    0.000000000    0    0
         56       0  0  0  0  0  0      0.550000000    0.000000000    0.000000000    0    0
         57       0  0  0  0  0  0      0.550000000    0.025000000    0.000000000    0    0
         58       0  0  0  0  0  0      0.550000000    0.050000000    0.000000000    0    0
         59       0  0  0  0  0  0      0.550000000    0.075000000    0.000000000    0    0
         60       0  0  0  0  0  0      0.550000000    0.100000000    0.000000000    0    0
         61       0  0  0  0  0  0      0.600000000    0.000000000    0.000000000    0    0
         62       0  0  0  0  0  0      0.600000000    0.025000000    0.000000000    0    0
         63       0  0  0  0  0  0      0.600000000    0.050000000    0.000000000    0    0
         64       0  0  0  0  0  0      0.600000000    0.075000000    0.000000000    0    0
         65       0  0  0  0  0  0      0.600000000    0.100000000    0.000000000    0    0
         66       0  0  0  0  0  0      0.650000000    0.000000000    0.000000000    0    0
         67       0  0  0  0  0  0      0.650000000    0.025000000    0.000000000    0    0
         68       0  0  0  0  0  0      0.650000000    0.050000000    0.000000000    0    0
         69       0  0  0  0  0  0      0.650000000    0.075000000    0.000000000    0    0
         70       0  0  0  0  0  0      0.650000000    0.100000000    0.000000000    0    0
         71       0  0  0  0  0  0      0.700000000    0.000000000    0.000000000    0    0
         72       0  0  0  0  0  0      0.700000000    0.025000000    0.000000000    0    0
         73       0  0  0  0  0  0      0.700000000    0.050000000    0.000000000    0    0
         74       0  0  0  0  0  0      0.700000000    0.075000000    0.000000000    0    0
         75       0  0  0  0  0  0      0.700000000    0.100000000    0.000000000    0    0
         76       0  0  0  0  0  0      0.750000000    0.000000000    0.000000000    0    0
         77       0  0  0  0  0  0      0.750000000    0.025000000    0.000000000    0    0
         78       0  0  0  0  0  0      0.750000000    0.050000000    0.000000000    0    0
         79       0  0  0  0  0  0      0.750000000    0.075000000    0.000000000    0    0
         80       0  0  0  0  0  0      0.750000000    0.100000000    0.000000000    0    0
         81       0  0  0  0  0  0      0.800000000    0.000000000    0.000000000    0    0
         82       0  0  0  0  0  0      0.800000000    0.025000000    0.000000000    0    0
         83       0  0  0  0  0  0      0.800000000    0.050000000    0.000000000    0    0
         84       0  0  0  0  0  0      0.800000000    0.075000000    0.000000000    0    0
         85       0  0  0  0  0  0      0.800000000    0.100000000    0.000000000    0    0
         86       0  0  0  0  0  0      0.850000000    0.000000000    0.000000000    0    0
         87       0  0  0  0  0  0      0.850000000    0.025000000    0.000000000    0    0
         88       0  0  0  0  0  0      0.850000000    0.050000000    0.000000000    0    0
         89       0  0  0  0  0  0      0.850000000    0.075000000    0.000000000    0    0
         90       0  0  0  0  0  0      0.850000000    0.100000000    0.000000000    0    0
         91       0  0  0  0  0  0      0.900000000    0.000000000    0.000000000    0    0
         92       0  0  0  0  0  0      0.900000000    0.025000000    0.000000000    0    0
         93       0  0  0  0  0  0      0.900000000    0.050000000    0.000000000    0    0
         94       0  0  0  0  0  0      0.900000000    0.075000000    0.000000000    0    0
         95       0  0  0  0  0  0      0.900000000    0.100000000    0.000000000    0    0
         96       0  0  0  0  0  0      0.950000000    0.000000000    0.000000000    0    0
         97       0  0  0  0  0  0      0.950000000    0.025000000    0.000000000    0    0
         98       0  0  0  0  0  0      0.950000000    0.050000000    0.000000000    0    0
         99       0  0  0  0  0  0      0.950000000    0.075000000    0.000000000    0    0
        100       0  0  0  0  0  0      0.950000000    0.100000000    0.000000000    0    0
        101       0  0  0  0  0  0      1.000000000    0.000000000    0.000000000    0    0
        102       0  0  0  0  0  0      1.000000000    0.025000000    0.000000000    0    0
        103       0  0  0  0  0  0      1.000000000    0.050000000    0.000000000    0    0
        104       0  0  0  0  0  0      1.000000000    0.075000000    0.000000000    0    0
        105       0  0  0  0  0  0      1.000000000    0.100000000    0.000000000    0    0



1
 CARD FROM NUMBER        37 TO      141



 G E N E R A T E D   N O D A L   D A T A
 ---------------------------------------



  NODE  E Q U A T I O N  N U M B E R   C  O  O  R  D  I  N  A  T  E  S   SKEW
  NUMB                                    X           Y           Z      SYST
          1         0         1         0         0         0         0    0.000000    0.000000    0.000000    0
          2         0         2         0         0         0         0    0.000000    0.025000    0.000000    0
          3         0         0         0         0         0         0    0.000000    0.050000    0.000000    0
          4         0         3         0         0         0         0    0.000000    0.075000    0.000000    0
          5         0         4         0         0         0         0    0.000000    0.100000    0.000000    0
          6         5         6         7         8         9         0    0.050000    0.000000    0.000000    0
          7        10        11        12        13        14         0    0.050000    0.025000    0.000000    0
          8        15        16        17        18        19         0    0.050000    0.050000    0.000000    0
          9        20        21        22        23        24         0    0.050000    0.075000    0.000000    0
         10        25        26        27        28        29         0    0.050000    0.100000    0.000000    0
         11        30        31        32        33        34         0    0.100000    0.000000    0.000000    0
         12        35        36        37        38        39         0    0.100000    0.025000    0.000000    0
         13        40        41        42        43        44         0    0.100000    0.050000    0.000000    0
         14        45        46        47        48        49         0    0.100000    0.075000    0.000000    0
         15        50        51        52        53        54         0    0.100000    0.100000    0.000000    0
         16        55        56        57        58        59         0    0.150000    0.000000    0.000000    0
         17        60        61        62        63        64         0    0.150000    0.025000    0.000000    0
         18        65        66        67        68        69         0    0.150000    0.050000    0.000000    0
         19        70        71        72        73        74         0    0.150000    0.075000    0.000000    0
         20        75        76        77        78        79         0    0.150000    0.100000    0.000000    0
         21        80        81        82        83        84         0    0.200000    0.000000    0.000000    0
         22        85        86        87        88        89         0    0.200000    0.025000    0.000000    0
         23        90        91        92        93        94         0    0.200000    0.050000    0.000000    0
         24        95        96        97        98        99         0    0.200000    0.075000    0.000000    0
         25       100       101       102       103       104         0    0.200000    0.100000    0.000000    0
         26       105       106       107       108       109         0    0.250000    0.000000    0.000000    0
         27       110       111       112       113       114         0    0.250000    0.025000    0.000000    0
         28       115       116       117       118       119         0    0.250000    0.050000    0.000000    0
         29       120       121       122       123       124         0    0.250000    0.075000    0.000000    0
         30       125       126       127       128       129         0    0.250000    0.100000    0.000000    0
         31       130       131       132       133       134         0    0.300000    0.000000    0.000000    0
         32       135       136       137       138       139         0    0.300000    0.025000    0.000000    0
         33       140       141       142       143       144         0    0.300000    0.050000    0.000000    0
         34       145       146       147       148       149         0    0.300000    0.075000    0.000000    0
         35       150       151       152       153       154         0    0.300000    0.100000    0.000000    0
         36       155       156       157       158       159         0    0.350000    0.000000    0.000000    0
         37       160       161       162       163       164         0    0.350000    0.025000    0.000000    0
         38       165       166       167       168       169         0    0.350000    0.050000    0.000000    0
         39       170       171       172       173       174         0    0.350000    0.075000    0.000000    0
         40       175       176       177       178       179         0    0.350000    0.100000    0.000000    0
         41       180       181       182       183       184         0    0.400000    0.000000    0.000000    0
         42       185       186       187       188       189         0    0.400000    0.025000    0.000000    0
         43       190       191       192       193       194         0    0.400000    0.050000    0.000000    0
         44       195       196       197       198       199         0    0.400000    0.075000    0.000000    0
         45       200       201       202       203       204         0    0.400000    0.100000    0.000000    0
         46       205       206       207       208       209         0    0.450000    0.000000    0.000000    0
         47       210       211       212       213       214         0    0.450000    0.025000    0.000000    0
         48       215       216       217       218       219         0    0.450000    0.050000    0.000000    0
         49       220       221       222       223       224         0    0.450000    0.075000    0.000000    0
         50       225       226       227       228       229         0    0.450000    0.100000    0.000000    0
         51       230       231       232       233       234         0    0.500000    0.000000    0.000000    0
         52       235       236       237       238       239         0    0.500000    0.025000    0.000000    0
         53       240       241       242       243       244         0    0.500000    0.050000    0.000000    0
         54       245       246       247       248       249         0    0.500000    0.075000    0.000000    0
         55       250       251       252       253       254         0    0.500000    0.100000    0.000000    0
         56       255       256       257       258       259         0    0.550000    0.000000    0.000000    0
         57       260       261       262       263       264         0    0.550000    0.025000    0.000000    0
         58       265       266       267       268       269         0    0.550000    0.050000    0.000000    0
         59       270       271       272       273       274         0    0.550000    0.075000    0.000000    0
         60       275       276       277       278       279         0    0.550000    0.100000    0.000000    0
         61       280       281       282       283       284         0    0.600000    0.000000    0.000000    0
         62       285       286       287       288       289         0    0.600000    0.025000    0.000000    0
         63       290       291       292       293       294         0    0.600000    0.050000    0.000000    0
         64       295       296       297       298       299         0    0.600000    0.075000    0.000000    0
         65       300       301       302       303       304         0    0.600000    0.100000    0.000000    0
         66       305       306       307       308       309         0    0.650000    0.000000    0.000000    0
         67       310       311       312       313       314         0    0.650000    0.025000    0.000000    0
         68       315       316       317       318       319         0    0.650000    0.050000    0.000000    0
         69       320       321       322       323       324         0    0.650000    0.075000    0.000000    0
         70       325       326       327       328       329         0    0.650000    0.100000    0.000000    0
         71       330       331       332       333       334         0    0.700000    0.000000    0.000000    0
         72       335       336       337       338       339         0    0.700000    0.025000    0.000000    0
         73       340       341       342       343       344         0    0.700000    0.050000    0.000000    0
         74       345       346       347       348       349         0    0.700000    0.075000    0.000000    0
         75       350       351       352       353       354         0    0.700000    0.100000    0.000000    0
         76       355       356       357       358       359         0    0.750000    0.000000    0.000000    0
         77       360       361       362       363       364         0    0.750000    0.025000    0.000000    0
         78       365       366       367       368       369         0    0.750000    0.050000    0.000000    0
         79       370       371       372       373       374         0    0.750000    0.075000    0.000000    0
         80       375       376       377       378       379         0    0.750000    0.100000    0.000000    0
         81       380       381       382       383       384         0    0.800000    0.000000    0.000000    0
         82       385       386       387       388       389         0    0.800000    0.025000    0.000000    0
         83       390       391       392       393       394         0    0.800000    0.050000    0.000000    0
         84       395       396       397       398       399         0    0.800000    0.075000    0.000000    0
         85       400       401       402       403       404         0    0.800000    0.100000    0.000000    0
         86       405       406       407       408       409         0    0.850000    0.000000    0.000000    0
         87       410       411       412       413       414         0    0.850000    0.025000    0.000000    0
         88       415       416       417       418       419         0    0.850000    0.050000    0.000000    0
         89       420       421       422       423       424         0    0.850000    0.075000    0.000000    0
         90       425       426       427       428       429         0    0.850000    0.100000    0.000000    0
         91       430       431       432       433       434         0    0.900000    0.000000    0.000000    0
         92       435       436       437       438       439         0    0.900000    0.025000    0.000000    0
         93       440       441       442       443       444         0    0.900000    0.050000    0.000000    0
         94       445       446       447       448       449         0    0.900000    0.075000    0.000000    0
         95       450       451       452       453       454         0    0.900000    0.100000    0.000000    0
         96       455       456       457       458       459         0    0.950000    0.000000    0.000000    0
         97       460       461       462       463       464         0    0.950000    0.025000    0.000000    0
         98       465       466       467       468       469         0    0.950000    0.050000    0.000000    0
         99       470       471       472       473       474         0    0.950000    0.075000    0.000000    0
        100       475       476       477       478       479         0    0.950000    0.100000    0.000000    0
        101       480       481       482       483       484         0    1.000000    0.000000    0.000000    0
        102       485       486       487       488       489         0    1.000000    0.025000    0.000000    0
        103       490       491       492       493       494         0    1.000000    0.050000    0.000000    0
        104       495       496       497       498       499         0    1.000000    0.075000    0.000000    0
        105       500       501       502       503       504         0    1.000000    0.100000    0.000000    0



1
 CARD NUMBER       144



      D A T A   F O R   M A T E R I A L   M O D E L S
      -----------------------------------------------


           MODEL   NUMBER OF MATERIALS   MAX NUMBER OF POINTS ON CURVE
             1            1                       1






      D  A  T  A     F  O  R     M  A  T  E  R  I  A  L  S
      ----------------------------------------------------






 CARD FROM NUMBER       147 TO      153



      MATERIAL MODEL NUMBER =     1  (LINEAR ELASTIC ISOTROPIC)


           MATERIAL NUMBER =    1


                Y O U N G S    M O D U L U S ........... E = 2.00000D+11

                P O I S S O N S    R A T I O ........... V = 3.00000D-01

                D E N S I T Y ....................... GUST = 7.80000D+03



1
      I N P U T    D A T A    F O R    E L E M E N T  G R O U P S
      -------------------------------------------------------------






 CARD NUMBER       156



           ELEMENT TYPE FOR GROUP      1 .................. NETIP =   84
                EQ.1 ; TRUSS                            (2    NODES)
                EQ.11; ELASTIC SUPPORT                  (1    NODES)
                EQ.12; GAP                              (2    NODES)
                EQ.20; ELEMENT FREE GALERKIN 2/D                    
                EQ.2 ; ISOPARAMETRIC 2/D                (4-9  NODES)
                EQ.21; ISOPARAMETRIC TRIANGULAR 2/D     (3-6  NODES)
                EQ.3 ; ISOPARAMETRIC 3/D                (8-21 NODES)
                EQ.31; ISOPARAMETRIC PRISMATIC          (6-15 NODES)
                EQ.32; ISOPARAMETRIC PYRAMIDAL          (5-13 NODES)
                EQ.33; ISOPARAMETRIC TETRAHEDRONAL      (4-10 NODES)
                EQ.5 ; TRIANGULAR PLATE - D K T         (3    NODES)
                EQ.6 ; THIN-WALLED BEAM                 (2    NODES)
                EQ.7 ; AXISYMMETRIC SHELL               (2-4  NODES)
                EQ.8 ; ISOPARAMETRIC SHELL              (4-9  NODES)
                EQ.81; ISOPARAMETRIC TRIANGULAR SHELL   (3-6  NODES)
                EQ.82; SHELL - A C S PINSKY & JANG      (9    NODES)
                EQ.83; SHELL - GELIN & BOISSE           (3    NODES)
                EQ.84; SHELL - BATHE & DVORKIN          (4    NODES)
                EQ.85; PLATE - SELECTIVE INTEGRATION    (4-9  NODES)
                EQ.9 ; BEAM SUPERELEMENT                (2-3  NODES)
                EQ.92; CONTACT 2/D                      (2    NODES)
                EQ.93; CONTACT 3/D                      (4    NODES)


           NUMBER OF ELEMENTS IN THE GROUP      1 ......... NE =      80
                GT.0;


           INDICATOR FOR TYPE OF ANALYSIS FOR GROUP     1 . IATYP =    0
                EQ. 0; LINEAR ANALYSIS
                EQ. 1; MATERIALLY NONLINEAR ANALYSIS
                EQ. 2; TOTAL LAGRANGIAN
                EQ. 3; UPDATED LAGRANGIAN
                EQ.-4; LARGE STRAIN - GREEN LAGRANGE
                EQ. 4; LARGE STRAIN - ROTATED GREEN LAGRANGE
                EQ.-5; LARGE STRAIN - LOGARITHMIC STRAIN
                EQ. 5; LARGE STRAIN - ROTATED LOGARITHMIC STRAIN


           NUMBER OF MATERIAL MODELS FOR GROUP      1 ....  NMODM =    1
                EQ.0; NMODM=1
                EQ.1; ELASTIC ISOTROPIC
                EQ.2; ELASTIC ANISOTROPIC
                EQ.3; THERMO-ELASTIC ISOTROPIC
                EQ.4; THERMO-ELASTIC ORTHOTROPIC
                EQ.5; VON MISES ELASTIC-PLASTIC WITH ISOTROPIC HARDENING
                EQ.6; VON MISES ELASTIC-PLASTIC WITH MIXED HARDENING
                EQ.7; SOIL PLASTICITY - GENERAL CAP
                EQ.8; SOIL ANISOTROPIC PLASTICITY (CAM-CLAY)
                EQ.9; SOIL ISOTROPIC PLASTICITY (CAM-CLAY)
               EQ.10; ELASTIC-PLASTIC ORTHOTROPIC
               EQ.11; GAP - STRESS
               EQ.12; GAP - FORCE
               EQ.13; GENERAL ANISOTROPIC ELASTIC-PLASTIC
               EQ.14; VON MISES THERMO-ELASTIC-PLASTIC WITH MIXED HARDENING
               EQ.15; THERMO-ELASTIC WITH CREEP
               EQ.16; VON MISES THERMO-ELASTIC-PLASTIC (WITH MIXED HARDENING)
                      AND CREEP
               EQ.17; VON MISES THERMO-ELASTIC-PLASTIC (WITH MIXED HARDENING)
                      (ORTHOTROPIC)
               EQ.18; THERMO-ELASTIC WITH CREEP (ORTHOTROPIC)
               EQ.19; VON MISES THERMO-ELASTIC-PLASTIC (WITH MIXED HARDENING)
                      AND CREEP (ORTHOTROPIC)
               EQ.20; VON MISES VISCO-PLASTIC ISOTROPIC WITH MIXED HARDENING
               EQ.21; VON MISES VISCO-PLASTIC ORTHOTROPIC WITH MIXED HARDENING
               EQ.22; CAM-CLAY VISCOPLASTICITY
               EQ.23; SOIL CAP MODEL - VISCOPLASTICITY
               EQ.24; LINEAR VISCOELASTIC
               EQ.25; ROCKS-CST / JOINT
               EQ.27; CONCRETE
               EQ.28; RUBBER
               EQ.29; ANAND`S PLASTIC ISOTROPIC
               EQ.30; ELASTIC MATERIAL WITH INTERNAL FRICTION
               EQ.31; HILLS MUSCLE MODEL
               EQ.32; BIOLOGICAL STRESS-STRETCH MODEL FOR PASSIVE STATE
               EQ.33; BIOLOGICAL STRESS-STRETCH MODEL FOR PASSIVE STATE
                      WITH CREEP
               EQ.34; BIOLOGICAL STRESS-STRETCH MODEL FOR ACTIVE STATE
               EQ.40; GURSON
               EQ.56; CONCRETE DAMAGE
               EQ.61; ISOTROPIC DAMAGE MODEL (OLIVER)



           ELEMENT BIRTH OPTION INDICATOR ................ INDBTH =    0
                EQ.0; OPTION NOT USED
                EQ.1; OPTION USED


           ELEMENT DEATH OPTION INDICATOR ................ INDDTH =    0
                EQ.0; OPTION NOT USED
                EQ.1; OPTION USED


           COORDINATE SYSTEM INDICATOR FOR MATRIX B ...... INDKOV =    0
                EQ.-1; COVARIANT SYSTEM
                EQ.-2; COVARIANT SYSTEM, WITHOUT BNL
                EQ. 0; NOT USED
                EQ. 1; CARTESIAN SYSTEM
                EQ. 2; CARTESIAN SYSTEM, WITHOUT BNL

           INDICATOR FOR INITIAL STRESS ................. ISTRESS =    0
                EQ.-1; CALCULATION OF INITIAL STRESS AND DISPLACEMENT

                EQ. 0; OPTION NOT USED
                EQ. 1; INITIAL STRESS USED (COPY CONFIGURATION FROM LST)

           CORECTION COEFFICIENT FOR SHEAR MODULUS GYZ-COEF1 = 8.333D-01
                EQ.0.; COEF1=5./6

           CORECTION COEFFICIENT FOR SHEAR MODULUS GZX-COEF2 = 8.333D-01
                EQ.0.; COEF2=5./6

           CORECTION COEFFICIENT FOR SHEAR MODULUS GXY-COEF3 = 1.000D+00
                EQ.0.; COEF3=1. 






 CARD NUMBER       160



           NUMBER OF GAUSS POINTS IN R-DIRECTION ......... NGAUSX =    2
                EQ.0; NGAUSX = 2


           NUMBER OF GAUSS POINTS IN S-DIRECTION ......... NGAUSY =    2
                EQ.0; NGAUSY = 2


           NUMBER OF GAUSS POINTS IN T-DIRECTION ......... NGAUSZ =    2
                EQ.0; NGAUSZ = 2


           ANGLE OF FIBER TO REFERENT DIRECTION ....... BETA = 0.000D+00


           COORDINATES FOR PROJECTING DIRECTION ....... CPPX = 0.000D+00
                                                ....... CPPY = 0.000D+00
                                                ....... CPPZ = 0.000D+00


           METHOD OF INCOMPATIBLE MODES ................... IALFA =    2
                EQ.-1; NOT USED
                EQ. 0; IALFA=2
                EQ. 1; 4 PARAMETERS - TAYLOR
                EQ. 2; 5 PARAMETERS
                EQ. 3; 6 PARAMETERS




 READING DATA ABOUT TO RECTANGULAR SHELL ELEMENTS FOR GROUP     1
 ----------------------------------------------------------------


 ELEME  NODE1 NODE2 NODE3 NODE4      MATER COORD STRES STRES    THICK    STEP
 NUMBE NODE5 NODE6 NODE7 NODE8 NODE9 NUMBE PRINT PRINT  NODE   ELEMENT  GENER
     1      1     6     7     2          1     0     0     0  5.000D-02     0
           0     0     0     0     0
     2      2     7     8     3          1     0     0     0  5.000D-02     0
           0     0     0     0     0
     3      3     8     9     4          1     0     0     0  5.000D-02     0
           0     0     0     0     0
     4      4     9    10     5          1     0     0     0  5.000D-02     0
           0     0     0     0     0
     5      6    11    12     7          1     0     0     0  5.000D-02     0
           0     0     0     0     0
     6      7    12    13     8          1     0     0     0  5.000D-02     0
           0     0     0     0     0
     7      8    13    14     9          1     0     0     0  5.000D-02     0
           0     0     0     0     0
     8      9    14    15    10          1     0     0     0  5.000D-02     0
           0     0     0     0     0
     9     11    16    17    12          1     0     0     0  5.000D-02     0
           0     0     0     0     0
    10     12    17    18    13          1     0     0     0  5.000D-02     0
           0     0     0     0     0
    11     13    18    19    14          1     0     0     0  5.000D-02     0
           0     0     0     0     0
    12     14    19    20    15          1     0     0     0  5.000D-02     0
           0     0     0     0     0
    13     16    21    22    17          1     0     0     0  5.000D-02     0
           0     0     0     0     0
    14     17    22    23    18          1     0     0     0  5.000D-02     0
           0     0     0     0     0
    15     18    23    24    19          1     0     0     0  5.000D-02     0
           0     0     0     0     0
    16     19    24    25    20          1     0     0     0  5.000D-02     0
           0     0     0     0     0
    17     21    26    27    22          1     0     0     0  5.000D-02     0
           0     0     0     0     0
    18     22    27    28    23          1     0     0     0  5.000D-02     0
           0     0     0     0     0
    19     23    28    29    24          1     0     0     0  5.000D-02     0
           0     0     0     0     0
    20     24    29    30    25          1     0     0     0  5.000D-02     0
           0     0     0     0     0
    21     26    31    32    27          1     0     0     0  5.000D-02     0
           0     0     0     0     0
    22     27    32    33    28          1     0     0     0  5.000D-02     0
           0     0     0     0     0
    23     28    33    34    29          1     0     0     0  5.000D-02     0
           0     0     0     0     0
    24     29    34    35    30          1     0     0     0  5.000D-02     0
           0     0     0     0     0
    25     31    36    37    32          1     0     0     0  5.000D-02     0
           0     0     0     0     0
    26     32    37    38    33          1     0     0     0  5.000D-02     0
           0     0     0     0     0
    27     33    38    39    34          1     0     0     0  5.000D-02     0
           0     0     0     0     0
    28     34    39    40    35          1     0     0     0  5.000D-02     0
           0     0     0     0     0
    29     36    41    42    37          1     0     0     0  5.000D-02     0
           0     0     0     0     0
    30     37    42    43    38          1     0     0     0  5.000D-02     0
           0     0     0     0     0
    31     38    43    44    39          1     0     0     0  5.000D-02     0
           0     0     0     0     0
    32     39    44    45    40          1     0     0     0  5.000D-02     0
           0     0     0     0     0
    33     41    46    47    42          1     0     0     0  5.000D-02     0
           0     0     0     0     0
    34     42    47    48    43          1     0     0     0  5.000D-02     0
           0     0     0     0     0
    35     43    48    49    44          1     0     0     0  5.000D-02     0
           0     0     0     0     0
    36     44    49    50    45          1     0     0     0  5.000D-02     0
           0     0     0     0     0
    37     46    51    52    47          1     0     0     0  5.000D-02     0
           0     0     0     0     0
    38     47    52    53    48          1     0     0     0  5.000D-02     0
           0     0     0     0     0
    39     48    53    54    49          1     0     0     0  5.000D-02     0
           0     0     0     0     0
    40     49    54    55    50          1     0     0     0  5.000D-02     0
           0     0     0     0     0
    41     51    56    57    52          1     0     0     0  5.000D-02     0
           0     0     0     0     0
    42     52    57    58    53          1     0     0     0  5.000D-02     0
           0     0     0     0     0
    43     53    58    59    54          1     0     0     0  5.000D-02     0
           0     0     0     0     0
    44     54    59    60    55          1     0     0     0  5.000D-02     0
           0     0     0     0     0
    45     56    61    62    57          1     0     0     0  5.000D-02     0
           0     0     0     0     0
    46     57    62    63    58          1     0     0     0  5.000D-02     0
           0     0     0     0     0
    47     58    63    64    59          1     0     0     0  5.000D-02     0
           0     0     0     0     0
    48     59    64    65    60          1     0     0     0  5.000D-02     0
           0     0     0     0     0
    49     61    66    67    62          1     0     0     0  5.000D-02     0
           0     0     0     0     0
    50     62    67    68    63          1     0     0     0  5.000D-02     0
           0     0     0     0     0
    51     63    68    69    64          1     0     0     0  5.000D-02     0
           0     0     0     0     0
    52     64    69    70    65          1     0     0     0  5.000D-02     0
           0     0     0     0     0
    53     66    71    72    67          1     0     0     0  5.000D-02     0
           0     0     0     0     0
    54     67    72    73    68          1     0     0     0  5.000D-02     0
           0     0     0     0     0
    55     68    73    74    69          1     0     0     0  5.000D-02     0
           0     0     0     0     0
    56     69    74    75    70          1     0     0     0  5.000D-02     0
           0     0     0     0     0
    57     71    76    77    72          1     0     0     0  5.000D-02     0
           0     0     0     0     0
    58     72    77    78    73          1     0     0     0  5.000D-02     0
           0     0     0     0     0
    59     73    78    79    74          1     0     0     0  5.000D-02     0
           0     0     0     0     0
    60     74    79    80    75          1     0     0     0  5.000D-02     0
           0     0     0     0     0
    61     76    81    82    77          1     0     0     0  5.000D-02     0
           0     0     0     0     0
    62     77    82    83    78          1     0     0     0  5.000D-02     0
           0     0     0     0     0
    63     78    83    84    79          1     0     0     0  5.000D-02     0
           0     0     0     0     0
    64     79    84    85    80          1     0     0     0  5.000D-02     0
           0     0     0     0     0
    65     81    86    87    82          1     0     0     0  5.000D-02     0
           0     0     0     0     0
    66     82    87    88    83          1     0     0     0  5.000D-02     0
           0     0     0     0     0
    67     83    88    89    84          1     0     0     0  5.000D-02     0
           0     0     0     0     0
    68     84    89    90    85          1     0     0     0  5.000D-02     0
           0     0     0     0     0
    69     86    91    92    87          1     0     0     0  5.000D-02     0
           0     0     0     0     0
    70     87    92    93    88          1     0     0     0  5.000D-02     0
           0     0     0     0     0
    71     88    93    94    89          1     0     0     0  5.000D-02     0
           0     0     0     0     0
    72     89    94    95    90          1     0     0     0  5.000D-02     0
           0     0     0     0     0
    73     91    96    97    92          1     0     0     0  5.000D-02     0
           0     0     0     0     0
    74     92    97    98    93          1     0     0     0  5.000D-02     0
           0     0     0     0     0
    75     93    98    99    94          1     0     0     0  5.000D-02     0
           0     0     0     0     0
    76     94    99   100    95          1     0     0     0  5.000D-02     0
           0     0     0     0     0
    77     96   101   102    97          1     0     0     0  5.000D-02     0
           0     0     0     0     0
    78     97   102   103    98          1     0     0     0  5.000D-02     0
           0     0     0     0     0
    79     98   103   104    99          1     0     0     0  5.000D-02     0
           0     0     0     0     0
    80     99   104   105   100          1     0     0     0  5.000D-02     0
           0     0     0     0     0






 CARD FROM NUMBER       165 TO      324



 GENERATED DATA ABOUT TO RECTANGULAR SHELL ELEMENTS FOR GROUP     1
 ------------------------------------------------------------------


 ELEME  NODE1 NODE2 NODE3 NODE4      MATER COORD STRES STRES    THICK 
 NUMBE NODE5 NODE6 NODE7 NODE8 NODE9 NUMBE PRINT PRINT  NODE   ELEMENT
     1      1     6     7     2          1     0     0     0  5.000D-02
     2      2     7     8     3          1     0     0     0  5.000D-02
     3      3     8     9     4          1     0     0     0  5.000D-02
     4      4     9    10     5          1     0     0     0  5.000D-02
     5      6    11    12     7          1     0     0     0  5.000D-02
     6      7    12    13     8          1     0     0     0  5.000D-02
     7      8    13    14     9          1     0     0     0  5.000D-02
     8      9    14    15    10          1     0     0     0  5.000D-02
     9     11    16    17    12          1     0     0     0  5.000D-02
    10     12    17    18    13          1     0     0     0  5.000D-02
    11     13    18    19    14          1     0     0     0  5.000D-02
    12     14    19    20    15          1     0     0     0  5.000D-02
    13     16    21    22    17          1     0     0     0  5.000D-02
    14     17    22    23    18          1     0     0     0  5.000D-02
    15     18    23    24    19          1     0     0     0  5.000D-02
    16     19    24    25    20          1     0     0     0  5.000D-02
    17     21    26    27    22          1     0     0     0  5.000D-02
    18     22    27    28    23          1     0     0     0  5.000D-02
    19     23    28    29    24          1     0     0     0  5.000D-02
    20     24    29    30    25          1     0     0     0  5.000D-02
    21     26    31    32    27          1     0     0     0  5.000D-02
    22     27    32    33    28          1     0     0     0  5.000D-02
    23     28    33    34    29          1     0     0     0  5.000D-02
    24     29    34    35    30          1     0     0     0  5.000D-02
    25     31    36    37    32          1     0     0     0  5.000D-02
    26     32    37    38    33          1     0     0     0  5.000D-02
    27     33    38    39    34          1     0     0     0  5.000D-02
    28     34    39    40    35          1     0     0     0  5.000D-02
    29     36    41    42    37          1     0     0     0  5.000D-02
    30     37    42    43    38          1     0     0     0  5.000D-02
    31     38    43    44    39          1     0     0     0  5.000D-02
    32     39    44    45    40          1     0     0     0  5.000D-02
    33     41    46    47    42          1     0     0     0  5.000D-02
    34     42    47    48    43          1     0     0     0  5.000D-02
    35     43    48    49    44          1     0     0     0  5.000D-02
    36     44    49    50    45          1     0     0     0  5.000D-02
    37     46    51    52    47          1     0     0     0  5.000D-02
    38     47    52    53    48          1     0     0     0  5.000D-02
    39     48    53    54    49          1     0     0     0  5.000D-02
    40     49    54    55    50          1     0     0     0  5.000D-02
    41     51    56    57    52          1     0     0     0  5.000D-02
    42     52    57    58    53          1     0     0     0  5.000D-02
    43     53    58    59    54          1     0     0     0  5.000D-02
    44     54    59    60    55          1     0     0     0  5.000D-02
    45     56    61    62    57          1     0     0     0  5.000D-02
    46     57    62    63    58          1     0     0     0  5.000D-02
    47     58    63    64    59          1     0     0     0  5.000D-02
    48     59    64    65    60          1     0     0     0  5.000D-02
    49     61    66    67    62          1     0     0     0  5.000D-02
    50     62    67    68    63          1     0     0     0  5.000D-02
    51     63    68    69    64          1     0     0     0  5.000D-02
    52     64    69    70    65          1     0     0     0  5.000D-02
    53     66    71    72    67          1     0     0     0  5.000D-02
    54     67    72    73    68          1     0     0     0  5.000D-02
    55     68    73    74    69          1     0     0     0  5.000D-02
    56     69    74    75    70          1     0     0     0  5.000D-02
    57     71    76    77    72          1     0     0     0  5.000D-02
    58     72    77    78    73          1     0     0     0  5.000D-02
    59     73    78    79    74          1     0     0     0  5.000D-02
    60     74    79    80    75          1     0     0     0  5.000D-02
    61     76    81    82    77          1     0     0     0  5.000D-02
    62     77    82    83    78          1     0     0     0  5.000D-02
    63     78    83    84    79          1     0     0     0  5.000D-02
    64     79    84    85    80          1     0     0     0  5.000D-02
    65     81    86    87    82          1     0     0     0  5.000D-02
    66     82    87    88    83          1     0     0     0  5.000D-02
    67     83    88    89    84          1     0     0     0  5.000D-02
    68     84    89    90    85          1     0     0     0  5.000D-02
    69     86    91    92    87          1     0     0     0  5.000D-02
    70     87    92    93    88          1     0     0     0  5.000D-02
    71     88    93    94    89          1     0     0     0  5.000D-02
    72     89    94    95    90          1     0     0     0  5.000D-02
    73     91    96    97    92          1     0     0     0  5.000D-02
    74     92    97    98    93          1     0     0     0  5.000D-02
    75     93    98    99    94          1     0     0     0  5.000D-02
    76     94    99   100    95          1     0     0     0  5.000D-02
    77     96   101   102    97          1     0     0     0  5.000D-02
    78     97   102   103    98          1     0     0     0  5.000D-02
    79     98   103   104    99          1     0     0     0  5.000D-02
    80     99   104   105   100          1     0     0     0  5.000D-02



           GROUP NUMBER    1  SPACE IN WORKING VECTOR ... NPROS =    43872




1
 CARD NUMBER       327



      D A T A    F O R    T I M E    F U N C T I O N S
      ------------------------------------------------


           NUMBER OF DIFFERENT TIME FUNCTIONS ............ NTABFT =    1
                EQ.0; THERE ARE NO TIME FUNCTIONS


           MAX NO OF POINTS FOR DEFINITION OF TIME FUNCT . MAXTFT =   30
                EQ.0; THERE ARE NO TIME FUNCTIONS
                EQ.1; TIME FUNCTIONS ARE CONSTANT
                GT.1; TIME FUNCTIONS ARE VARIABLE






      T I M E    F U N C T I O N S
      ----------------------------






 CARD FROM NUMBER       331 TO      335



      FUNCTION SEQUENCE NUMBER ....................... =    1
      NUMBER OF POINTS FOR TIME FUNCTION DEFINITION .. =    2


            ARGUMENT      FUNCTION
          0.00000D+00   1.00000D+00
          1.00000D+03   1.00000D+00



1


      G E N E R A L    D A T A    A B O U T    L O A D S
      --------------------------------------------------






 CARD NUMBER       338



           NUMBER OF CONCENTRATED FORCES AND MOMENTS ........ NCF =        0
                EQ.0; NO CONCENTARTED FORCES


           NUMBER OF LINES UNDER PRESSURE .................. NPP2 =        0
                EQ.0; NO LINES UNDER PRESSURE


           NUMBER OF SURFACES UNDER PRESSURE ............... NPP3 =        0
                EQ.0; NO SURFACES UNDER PRESSURE


           NUMBER OF THIN-WALLED BEAM NODES UNDER PRESSURE . NPGR =        0
                EQ.0; NO THIN-WALLED BEAMS UNDER PRESSURE


           NUMBER OF AXISYMMETRIC SHELLS UNDER PRESSURE .... NPLJ =        0
                EQ.0; NO AXISYMMETRIC SHELLS UNDER PRESSURE


           NUMBER OF NODES WITH TEMPERATURE ............... NTEMP =        0
                LT.0; TEMPERATURES ARE READ FROM UNIT 56
                EQ.0; TEMPERATURES ARE NOT USED IN ANALYSIS


           NUMBER OF PRESCRIBED DISPLACEMENTS ............. NZADP =        0
                EQ.0; NO PRESCRIBED DISPLACEMENTS


           NUMBER OF BODY FORCES .......................... INDZS =        0
                EQ.0; NO BODY FORCES


           NUMBER OF STEPS FOR FILTRATION FORCES ......... ICERNE =        0
                EQ.0; NO FILTRATION FORCES



1


      DATA ABOUT DIMENSIONS OF THE SYSTEM MATRIX AND THE WORKING ARRAY A
      ------------------------------------------------------------------



           NUMBER OF EQUATIONS ......................... JEDN =       504

           NUMBER OF ELEMENTS IN THE SYSTEM MATRIX ...... NWK =     15606

           MAXIMUM HEIGHT COLUMN IN THE SYSTEM MATRIX ... MHC =        35

           REQUIRED DIMENSION IN THE WORKING ARRAY ..... LMAX =    113212

           MAXIMUM TOTAL STORAGE AVAILABLE ............. MTOT = 400000000



 NGE,GRZAP,ITER           1  5.000000000000004E-003           0
 WK,NS,LRTD          35        6915
 iskdsk           0
